2024-11-26 02:13:59.769 [info] Extension host with pid 2523 started
2024-11-26 02:13:59.804 [info] ExtensionService#_doActivateExtension vscode.emmet, startup: false, activationEvent: 'onLanguage'
2024-11-26 02:13:59.858 [info] ExtensionService#_doActivateExtension vscode.git-base, startup: true, activationEvent: '*'
2024-11-26 02:13:59.906 [info] ExtensionService#_doActivateExtension vscode.github, startup: true, activationEvent: '*'
2024-11-26 02:13:59.930 [info] Eager extensions activated
2024-11-26 02:13:59.932 [info] ExtensionService#_doActivateExtension vscode.debug-auto-launch, startup: false, activationEvent: 'onStartupFinished'
2024-11-26 02:13:59.934 [info] ExtensionService#_doActivateExtension vscode.merge-conflict, startup: false, activationEvent: 'onStartupFinished'
2024-11-26 02:14:18.686 [info] Extension host terminating: renderer closed the MessagePort
2024-11-26 02:14:18.690 [info] Extension host with pid 2523 exiting with code 0
2024-11-26 02:14:19.706 [info] Extension host with pid 2608 started
2024-11-26 02:14:19.706 [info] Skipping acquiring lock for /home/fateen_nr/.config/Code - OSS/User/workspaceStorage/33b3057a15daefa94b41efd939f48b93.
2024-11-26 02:14:19.829 [info] ExtensionService#_doActivateExtension vscode.emmet, startup: false, activationEvent: 'onLanguage'
2024-11-26 02:14:19.887 [info] ExtensionService#_doActivateExtension vscode.git-base, startup: true, activationEvent: '*', root cause: vscode.git
2024-11-26 02:14:19.893 [info] ExtensionService#_doActivateExtension vscode.git, startup: true, activationEvent: '*'
2024-11-26 02:14:19.975 [info] ExtensionService#_doActivateExtension vscode.github, startup: true, activationEvent: '*'
2024-11-26 02:14:20.069 [info] Eager extensions activated
2024-11-26 02:14:20.094 [info] ExtensionService#_doActivateExtension vscode.debug-auto-launch, startup: false, activationEvent: 'onStartupFinished'
2024-11-26 02:14:20.099 [info] ExtensionService#_doActivateExtension vscode.merge-conflict, startup: false, activationEvent: 'onStartupFinished'
2024-11-26 02:14:20.124 [info] ExtensionService#_doActivateExtension formulahendry.code-runner, startup: false, activationEvent: 'onStartupFinished'
2024-11-26 02:14:20.153 [info] ExtensionService#_doActivateExtension vadimcn.vscode-lldb, startup: false, activationEvent: 'onStartupFinished'
2024-11-26 02:19:02.106 [info] Extension host terminating: renderer closed the MessagePort
2024-11-26 02:19:02.111 [info] Extension host with pid 2608 exiting with code 0
