2024-11-25 14:48:34.440 [info] Added views:outline in workbench.view.explorer
2024-11-25 14:48:34.440 [info] Added views:workbench.view.search in workbench.view.search
2024-11-25 14:48:34.440 [info] Added views:workbench.scm in workbench.view.scm
2024-11-25 14:48:34.440 [info] Added views:workbench.panel.markers.view in workbench.panel.markers
2024-11-25 14:48:34.440 [info] Added views:workbench.panel.output in workbench.panel.output
2024-11-25 14:48:34.440 [info] Added views:terminal in terminal
2024-11-25 14:48:34.440 [info] Added views:timeline in workbench.view.explorer
2024-11-25 14:48:34.440 [info] Added views:workbench.explorer.emptyView in workbench.view.explorer
2024-11-25 14:48:34.821 [info] Added views:workbench.debug.variablesView,workbench.debug.watchExpressionsView,workbench.debug.callStackView,workbench.debug.breakPointsView in workbench.view.debug
2024-11-25 14:48:34.856 [info] Added views:~remote.forwardedPorts in ~remote.forwardedPortsContainer
2024-11-25 14:48:35.097 [info] Added views:workbench.panel.repl.view in workbench.panel.repl
2024-11-25 14:48:35.098 [info] Removed views:workbench.debug.breakPointsView,workbench.debug.callStackView,workbench.debug.watchExpressionsView,workbench.debug.variablesView from workbench.view.debug
2024-11-25 14:48:35.098 [info] Added views:workbench.debug.welcome in workbench.view.debug
2024-11-25 14:51:32.184 [info] Added views:outline in workbench.view.explorer
2024-11-25 14:51:32.184 [info] Added views:workbench.view.search in workbench.view.search
2024-11-25 14:51:32.184 [info] Added views:workbench.scm in workbench.view.scm
2024-11-25 14:51:32.184 [info] Added views:workbench.panel.markers.view in workbench.panel.markers
2024-11-25 14:51:32.184 [info] Added views:workbench.panel.output in workbench.panel.output
2024-11-25 14:51:32.184 [info] Added views:terminal in terminal
2024-11-25 14:51:32.184 [info] Added views:timeline in workbench.view.explorer
2024-11-25 14:51:32.184 [info] Added views:workbench.explorer.fileView in workbench.view.explorer
2024-11-25 14:51:32.475 [info] Added views:workbench.debug.variablesView,workbench.debug.watchExpressionsView,workbench.debug.callStackView,workbench.debug.breakPointsView in workbench.view.debug
2024-11-25 14:51:33.058 [info] Added views:workbench.panel.repl.view in workbench.panel.repl
2024-11-25 14:51:33.337 [info] Added views:~remote.forwardedPorts in ~remote.forwardedPortsContainer
