2024-11-26 02:13:59.159 [info] Added views:outline in workbench.view.explorer
2024-11-26 02:13:59.159 [info] Added views:workbench.view.search in workbench.view.search
2024-11-26 02:13:59.159 [info] Added views:workbench.scm in workbench.view.scm
2024-11-26 02:13:59.159 [info] Added views:workbench.panel.markers.view in workbench.panel.markers
2024-11-26 02:13:59.159 [info] Added views:workbench.panel.output in workbench.panel.output
2024-11-26 02:13:59.160 [info] Added views:terminal in terminal
2024-11-26 02:13:59.160 [info] Added views:timeline in workbench.view.explorer
2024-11-26 02:13:59.160 [info] Added views:workbench.explorer.emptyView in workbench.view.explorer
2024-11-26 02:13:59.335 [info] Added views:workbench.debug.welcome in workbench.view.debug
2024-11-26 02:13:59.808 [info] Added views:workbench.panel.repl.view in workbench.panel.repl
2024-11-26 02:14:00.011 [info] Added views:~remote.forwardedPorts in ~remote.forwardedPortsContainer
2024-11-26 02:14:19.071 [info] Added views:outline in workbench.view.explorer
2024-11-26 02:14:19.071 [info] Added views:workbench.view.search in workbench.view.search
2024-11-26 02:14:19.071 [info] Added views:workbench.scm in workbench.view.scm
2024-11-26 02:14:19.071 [info] Added views:workbench.panel.markers.view in workbench.panel.markers
2024-11-26 02:14:19.071 [info] Added views:workbench.panel.output in workbench.panel.output
2024-11-26 02:14:19.071 [info] Added views:terminal in terminal
2024-11-26 02:14:19.071 [info] Added views:timeline in workbench.view.explorer
2024-11-26 02:14:19.071 [info] Added views:workbench.explorer.fileView in workbench.view.explorer
2024-11-26 02:14:19.192 [info] Added views:workbench.debug.variablesView,workbench.debug.watchExpressionsView,workbench.debug.callStackView,workbench.debug.breakPointsView in workbench.view.debug
2024-11-26 02:14:19.834 [info] Added views:workbench.panel.repl.view in workbench.panel.repl
2024-11-26 02:14:19.938 [info] Added views:~remote.forwardedPorts in ~remote.forwardedPortsContainer
