2024-11-25 14:48:35.262 [info] [main] Log level: Info
2024-11-25 14:48:35.262 [info] [main] Validating found git in: "git"
2024-11-25 14:48:35.262 [info] [main] Using git "2.47.0" from "git"
2024-11-25 14:48:35.262 [info] [Model][doInitialScan] Initial repository scan started
2024-11-25 14:48:35.262 [info] [Model][doInitialScan] Initial repository scan completed - repositories (0), closed repositories (0), parent repositories (0), unsafe repositories (0)
2024-11-25 14:49:13.808 [info] > git rev-parse --show-toplevel [2ms]
2024-11-25 14:49:13.808 [info] fatal: not a git repository (or any of the parent directories): .git
2024-11-25 14:51:33.282 [info] [main] Log level: Info
2024-11-25 14:51:33.282 [info] [main] Validating found git in: "git"
2024-11-25 14:51:33.282 [info] [main] Using git "2.47.0" from "git"
2024-11-25 14:51:33.282 [info] [Model][doInitialScan] Initial repository scan started
2024-11-25 14:51:33.282 [info] > git rev-parse --show-toplevel [10ms]
2024-11-25 14:51:33.282 [info] fatal: not a git repository (or any of the parent directories): .git
2024-11-25 14:51:33.283 [info] > git rev-parse --show-toplevel [2ms]
2024-11-25 14:51:33.283 [info] fatal: not a git repository (or any of the parent directories): .git
2024-11-25 14:51:33.354 [info] > git rev-parse --show-toplevel [18ms]
2024-11-25 14:51:33.354 [info] fatal: not a git repository (or any of the parent directories): .git
2024-11-25 14:51:33.365 [info] > git rev-parse --show-toplevel [3ms]
2024-11-25 14:51:33.365 [info] fatal: not a git repository (or any of the parent directories): .git
2024-11-25 14:51:33.365 [info] [Model][doInitialScan] Initial repository scan completed - repositories (0), closed repositories (0), parent repositories (0), unsafe repositories (0)
2024-11-25 14:51:33.408 [info] > git rev-parse --show-toplevel [1ms]
2024-11-25 14:51:33.408 [info] fatal: not a git repository (or any of the parent directories): .git
2024-11-25 14:51:33.521 [info] > git rev-parse --show-toplevel [1ms]
2024-11-25 14:51:33.521 [info] fatal: not a git repository (or any of the parent directories): .git
2024-11-25 14:51:34.233 [info] > git rev-parse --show-toplevel [2ms]
2024-11-25 14:51:34.233 [info] fatal: not a git repository (or any of the parent directories): .git
2024-11-25 14:51:34.823 [info] > git rev-parse --show-toplevel [1ms]
2024-11-25 14:51:34.823 [info] fatal: not a git repository (or any of the parent directories): .git
2024-11-25 14:52:35.342 [info] > git rev-parse --show-toplevel [1ms]
2024-11-25 14:52:35.342 [info] fatal: not a git repository (or any of the parent directories): .git
2024-11-25 14:52:41.442 [info] > git rev-parse --show-toplevel [1ms]
2024-11-25 14:52:41.442 [info] fatal: not a git repository (or any of the parent directories): .git
2024-11-25 14:52:44.971 [info] > git rev-parse --show-toplevel [1ms]
2024-11-25 14:52:44.971 [info] fatal: not a git repository (or any of the parent directories): .git
2024-11-25 15:02:53.446 [info] > git rev-parse --show-toplevel [1ms]
2024-11-25 15:02:53.446 [info] fatal: not a git repository (or any of the parent directories): .git
2024-11-25 15:03:04.720 [info] > git rev-parse --show-toplevel [1ms]
2024-11-25 15:03:04.720 [info] fatal: not a git repository (or any of the parent directories): .git
