2024-11-25 15:42:18.026 [info] [main] Log level: Info
2024-11-25 15:42:18.026 [info] [main] Validating found git in: "git"
2024-11-25 15:42:18.026 [info] [main] Using git "2.47.0" from "git"
2024-11-25 15:42:18.026 [info] [Model][doInitialScan] Initial repository scan started
2024-11-25 15:42:18.026 [info] > git rev-parse --show-toplevel [10ms]
2024-11-25 15:42:18.026 [info] fatal: not a git repository (or any of the parent directories): .git
2024-11-25 15:42:18.026 [info] > git rev-parse --show-toplevel [7ms]
2024-11-25 15:42:18.026 [info] fatal: not a git repository (or any of the parent directories): .git
2024-11-25 15:42:18.027 [info] > git rev-parse --show-toplevel [15ms]
2024-11-25 15:42:18.027 [info] fatal: not a git repository (or any of the parent directories): .git
2024-11-25 15:42:18.040 [info] > git rev-parse --show-toplevel [2ms]
2024-11-25 15:42:18.040 [info] fatal: not a git repository (or any of the parent directories): .git
2024-11-25 15:42:18.040 [info] [Model][doInitialScan] Initial repository scan completed - repositories (0), closed repositories (0), parent repositories (0), unsafe repositories (0)
2024-11-25 15:42:18.051 [info] > git rev-parse --show-toplevel [3ms]
2024-11-25 15:42:18.051 [info] fatal: not a git repository (or any of the parent directories): .git
2024-11-25 15:42:18.089 [info] > git rev-parse --show-toplevel [1ms]
2024-11-25 15:42:18.089 [info] fatal: not a git repository (or any of the parent directories): .git
2024-11-25 15:42:18.179 [info] > git rev-parse --show-toplevel [5ms]
2024-11-25 15:42:18.179 [info] fatal: not a git repository (or any of the parent directories): .git
2024-11-25 15:42:18.756 [info] > git rev-parse --show-toplevel [1ms]
2024-11-25 15:42:18.756 [info] fatal: not a git repository (or any of the parent directories): .git
2024-11-25 16:07:18.151 [info] > git rev-parse --show-toplevel [1ms]
2024-11-25 16:07:18.151 [info] fatal: not a git repository (or any of the parent directories): .git
2024-11-25 16:07:27.589 [info] > git rev-parse --show-toplevel [1ms]
2024-11-25 16:07:27.589 [info] fatal: not a git repository (or any of the parent directories): .git
